2024-06-23 21:06:935 INFO  HomePage :32 - Clicking on login link : [[ChromeDriver: chrome on windows (2cf558483a382ab9d69f6a3c5c3c93dd)] -> link text: Log in]
2024-06-23 21:06:37 INFO  LoginPage :48 - Getting text from : [[ChromeDriver: chrome on windows (2cf558483a382ab9d69f6a3c5c3c93dd)] -> xpath: //h1[contains(text(),'Welcome, Please Sign In!')]]
2024-06-23 21:06:61 INFO  HomePage :32 - Clicking on login link : [[ChromeDriver: chrome on windows (1d63bf0b4ac92aaa05703c31acddbd02)] -> link text: Log in]
2024-06-23 21:06:791 INFO  HomePage :32 - Clicking on login link : [[ChromeDriver: chrome on windows (e87047f4af86aa984dd6993e46138147)] -> link text: Log in]
2024-06-23 21:06:872 INFO  LoginPage :48 - Getting text from : [[ChromeDriver: chrome on windows (e87047f4af86aa984dd6993e46138147)] -> xpath: //h1[contains(text(),'Welcome, Please Sign In!')]]
2024-06-23 21:06:922 INFO  HomePage :32 - Clicking on login link : [[ChromeDriver: chrome on windows (fed0ac18740f10f9d1af0d77486d1e36)] -> link text: Log in]
2024-06-23 21:06:475 INFO  HomePage :37 - Clicking on register link : [[ChromeDriver: chrome on windows (c4d6d0964872fe40f68987495e229196)] -> link text: Register]
2024-06-23 21:06:27 INFO  HomePage :37 - Clicking on register link : [[ChromeDriver: chrome on windows (5de4d641828809e9232f8f700babe5ab)] -> link text: Register]
2024-06-23 21:06:31 INFO  HomePage :37 - Clicking on register link : [[ChromeDriver: chrome on windows (2b96f7e09e3a342274a8eb7c2c541233)] -> link text: Register]
2024-06-23 21:06:706 INFO  HomePage :37 - Clicking on register link : [[ChromeDriver: chrome on windows (111a12c528e1083e6a815edac35eae13)] -> link text: Register]
2024-06-23 21:06:503 INFO  HomePage :37 - Clicking on register link : [[ChromeDriver: chrome on windows (b6044ca691489001967a8b489d63fda0)] -> link text: Register]
2024-06-23 21:06:640 INFO  HomePage :37 - Clicking on register link : [[ChromeDriver: chrome on windows (b022102254e840d64778878b0615d7e6)] -> link text: Register]
2024-06-23 21:06:607 INFO  HomePage :37 - Clicking on register link : [[ChromeDriver: chrome on windows (984b7a36f809febf14e8019fc1df535a)] -> link text: Register]
2024-06-23 21:06:10 INFO  HomePage :37 - Clicking on register link : [[ChromeDriver: chrome on windows (466cd1582f6d93f5bbf407a0fdd2d464)] -> link text: Register]
2024-06-23 21:06:916 INFO  HomePage :37 - Clicking on register link : [[ChromeDriver: chrome on windows (2e2d5192094c18861392ce1a06877529)] -> link text: Register]
2024-06-23 21:06:269 INFO  HomePage :32 - Clicking on login link : [[ChromeDriver: chrome on windows (c1183783ac856093816ecb13b0bec936)] -> link text: Log in]
2024-06-23 21:06:871 INFO  HomePage :32 - Clicking on login link : [[ChromeDriver: chrome on windows (0ec16c92a8513d8c7a60feece5547693)] -> link text: Log in]
2024-06-23 22:06:742 INFO  HomePage :33 - Clicking on login link : [[ChromeDriver: chrome on windows (564858dd0588163a9a41ddb58c6db8b2)] -> link text: Log in]
2024-06-23 22:06:852 INFO  LoginPage :49 - Getting text from : [[ChromeDriver: chrome on windows (564858dd0588163a9a41ddb58c6db8b2)] -> xpath: //h1[contains(text(),'Welcome, Please Sign In!')]]
2024-06-23 22:06:74 INFO  HomePage :33 - Clicking on login link : [[ChromeDriver: chrome on windows (ba5506ad5d0fe8bc6386ace22081c3bb)] -> link text: Log in]
2024-06-23 22:06:896 INFO  HomePage :38 - Clicking on register link : [[ChromeDriver: chrome on windows (2e789e37bdbbb9ac4da338b80d0f1aa6)] -> link text: Register]
2024-06-23 22:06:25 INFO  HomePage :38 - Clicking on register link : [[ChromeDriver: chrome on windows (6a28cab76b9a29ce19500a4ac7692854)] -> link text: Register]
2024-06-23 22:06:837 INFO  HomePage :38 - Clicking on register link : [[ChromeDriver: chrome on windows (a17a8c461352264c0ebda2eccc0baf40)] -> link text: Register]
2024-06-23 22:06:941 INFO  HomePage :38 - Clicking on register link : [[ChromeDriver: chrome on windows (6262d7f370a119ac5d2d298ae3e8b904)] -> link text: Register]
2024-06-23 22:06:319 INFO  HomePage :38 - Clicking on register link : [[ChromeDriver: chrome on windows (a814df13f6dd65c9ea0483fe8e2efd71)] -> link text: Register]
2024-06-23 22:06:382 INFO  HomePage :38 - Clicking on register link : [[ChromeDriver: chrome on windows (2bc72d2949565ddc40b4fa36910fbf43)] -> link text: Register]
2024-06-23 22:06:798 INFO  HomePage :38 - Clicking on register link : [[ChromeDriver: chrome on windows (ad3c397b3c69d645b53f8a261e00b9ae)] -> link text: Register]
2024-06-23 22:06:351 INFO  HomePage :38 - Clicking on register link : [[ChromeDriver: chrome on windows (1f8050ca4fe92835a3ad23b74aa035d8)] -> link text: Register]
2024-06-23 22:06:480 INFO  HomePage :38 - Clicking on register link : [[ChromeDriver: chrome on windows (4272a7fad6155457aded67bc1c684989)] -> link text: Register]
2024-06-23 22:06:216 INFO  HomePage :38 - Clicking on register link : [[ChromeDriver: chrome on windows (12147d97622a83baf7bc4de18ffb10fb)] -> link text: Register]
2024-06-23 22:06:866 INFO  HomePage :33 - Clicking on login link : [[ChromeDriver: chrome on windows (0885847e7405e1103ec0285d9f9e72ec)] -> link text: Log in]
2024-06-23 22:06:967 INFO  LoginPage :49 - Getting text from : [[ChromeDriver: chrome on windows (0885847e7405e1103ec0285d9f9e72ec)] -> xpath: //h1[contains(text(),'Welcome, Please Sign In!')]]
2024-06-23 22:06:309 INFO  HomePage :33 - Clicking on login link : [[ChromeDriver: chrome on windows (577601e034e4c246e26f7b42caf7ba0f)] -> link text: Log in]
2024-06-23 22:06:344 INFO  HomePage :38 - Clicking on register link : [[ChromeDriver: chrome on windows (7d366a6a4b12e2ab721b0eba366e9d81)] -> link text: Register]
2024-06-23 22:06:502 INFO  HomePage :38 - Clicking on register link : [[ChromeDriver: chrome on windows (12fa3402d60ce40b12e0dbf24d80a669)] -> link text: Register]
2024-06-23 22:06:945 INFO  HomePage :38 - Clicking on register link : [[ChromeDriver: chrome on windows (db8dce9f4938004e1ce5c94fdbf018c6)] -> link text: Register]
2024-06-23 22:06:243 INFO  HomePage :38 - Clicking on register link : [[ChromeDriver: chrome on windows (5ce648458eb1603f2856e28b928c2eec)] -> link text: Register]
2024-06-23 22:06:38 INFO  HomePage :38 - Clicking on register link : [[ChromeDriver: chrome on windows (cbc467898b51446c2d20353becb9c8ef)] -> link text: Register]
2024-06-23 22:06:996 INFO  HomePage :33 - Clicking on login link : [[ChromeDriver: chrome on windows (cc9dcd7370270fd5aac6d3818e7a726b)] -> link text: Log in]
2024-06-23 22:06:74 INFO  LoginPage :49 - Getting text from : [[ChromeDriver: chrome on windows (cc9dcd7370270fd5aac6d3818e7a726b)] -> xpath: //h1[contains(text(),'Welcome, Please Sign In!')]]
2024-06-23 22:06:904 INFO  HomePage :33 - Clicking on login link : [[ChromeDriver: chrome on windows (d9b24538c600521eb68834fbc4551dd9)] -> link text: Log in]
2024-06-23 22:06:243 INFO  HomePage :33 - Clicking on login link : [[ChromeDriver: chrome on windows (7fad00cfebbbaf7c36372a3fbaa46681)] -> link text: Log in]
2024-06-23 22:06:279 INFO  HomePage :33 - Clicking on login link : [[ChromeDriver: chrome on windows (781d50690b1b0eb28063762baee9b2f9)] -> link text: Log in]
2024-06-23 22:06:708 INFO  HomePage :33 - Clicking on login link : [[ChromeDriver: chrome on windows (6e3bbe2601f612833089e6d96f2287e3)] -> link text: Log in]
2024-06-23 22:06:395 INFO  HomePage :33 - Clicking on login link : [[ChromeDriver: chrome on windows (6e9c4824f781c6071158283290b5ce60)] -> link text: Log in]
2024-06-23 22:06:795 INFO  HomePage :38 - Clicking on register link : [[ChromeDriver: chrome on windows (da7064808c0afbc1d0be1a11a6e18aef)] -> link text: Register]
2024-06-23 22:06:09 INFO  HomePage :38 - Clicking on register link : [[ChromeDriver: chrome on windows (d7a9dbe21bc700f8ddccefd66c398f02)] -> link text: Register]
2024-06-23 22:06:437 INFO  HomePage :38 - Clicking on register link : [[ChromeDriver: chrome on windows (b126befb7781822547180ebf31c3e44f)] -> link text: Register]
2024-06-23 22:06:735 INFO  HomePage :38 - Clicking on register link : [[ChromeDriver: chrome on windows (7e37f578c3848e1a87cbdb3707349ed8)] -> link text: Register]
2024-06-23 22:06:569 INFO  HomePage :38 - Clicking on register link : [[ChromeDriver: chrome on windows (ab2440ce0e8496d2e1f1a3f296c30f17)] -> link text: Register]
2024-06-23 22:06:534 INFO  HomePage :33 - Clicking on login link : [[ChromeDriver: chrome on windows (c69fe7a9daa62b3a3ab8a36585327923)] -> link text: Log in]
2024-06-23 22:06:640 INFO  LoginPage :49 - Getting text from : [[ChromeDriver: chrome on windows (c69fe7a9daa62b3a3ab8a36585327923)] -> xpath: //h1[contains(text(),'Welcome, Please Sign In!')]]
2024-06-23 22:06:200 INFO  HomePage :33 - Clicking on login link : [[ChromeDriver: chrome on windows (8d12c627bf8def333cbff29d31b2028d)] -> link text: Log in]
2024-06-23 22:06:506 INFO  HomePage :33 - Clicking on login link : [[ChromeDriver: chrome on windows (58ab29431e388c3e3635b392d0053988)] -> link text: Log in]
2024-06-23 22:06:382 INFO  HomePage :33 - Clicking on login link : [[ChromeDriver: chrome on windows (1a0e065227690985947a806ac75510a0)] -> link text: Log in]
2024-06-23 22:06:08 INFO  HomePage :33 - Clicking on login link : [[ChromeDriver: chrome on windows (11b3e7ea35b6b9dde048da0fd7395d95)] -> link text: Log in]
2024-06-23 22:06:374 INFO  HomePage :33 - Clicking on login link : [[ChromeDriver: chrome on windows (b371c3d6e521d1db724b978ea8627e5f)] -> link text: Log in]
2024-06-23 22:06:380 INFO  HomePage :38 - Clicking on register link : [[ChromeDriver: chrome on windows (2d0782259d6c74e44a1002cb94681078)] -> link text: Register]
2024-06-23 22:06:447 INFO  HomePage :38 - Clicking on register link : [[ChromeDriver: chrome on windows (a81b730b0fdeab0191e5680d428c636a)] -> link text: Register]
2024-06-23 22:06:144 INFO  HomePage :38 - Clicking on register link : [[ChromeDriver: chrome on windows (08a5519e6c0e20dcefe63a9b18ce0fa7)] -> link text: Register]
2024-06-23 22:06:64 INFO  HomePage :38 - Clicking on register link : [[ChromeDriver: chrome on windows (1c9c0c415cfc6732095e668d411363b0)] -> link text: Register]
2024-06-23 22:06:304 INFO  HomePage :38 - Clicking on register link : [[ChromeDriver: chrome on windows (504c2e07288c16fc9c2cd3d396ab4416)] -> link text: Register]
2024-06-23 22:06:163 WARN  FileSystemFontProvider :607 - New fonts found, font cache will be re-built
2024-06-23 22:06:164 WARN  FileSystemFontProvider :360 - Building on-disk font cache, this may take a while
2024-06-23 22:06:720 WARN  FileSystemFontProvider :363 - Finished building on-disk font cache, found 376 fonts
2024-06-23 22:06:720 INFO  HomePage :33 - Clicking on login link : [[ChromeDriver: chrome on windows (fddcc082b1188bb360cb5f814b31f204)] -> link text: Log in]
2024-06-23 22:06:817 INFO  LoginPage :49 - Getting text from : [[ChromeDriver: chrome on windows (fddcc082b1188bb360cb5f814b31f204)] -> xpath: //h1[contains(text(),'Welcome, Please Sign In!')]]
2024-06-23 22:06:83 INFO  HomePage :33 - Clicking on login link : [[ChromeDriver: chrome on windows (b1dde9f84f317ba98baa9681d04976c4)] -> link text: Log in]
2024-06-23 22:06:520 INFO  HomePage :33 - Clicking on login link : [[ChromeDriver: chrome on windows (afa04843a207e1015a504ad4a9b6244b)] -> link text: Log in]
2024-06-23 22:06:968 INFO  HomePage :33 - Clicking on login link : [[ChromeDriver: chrome on windows (f7f10e324903b7ff755e68a1ccf994a2)] -> link text: Log in]
2024-06-23 22:06:256 INFO  HomePage :33 - Clicking on login link : [[ChromeDriver: chrome on windows (097155ae800c6806f61b750ada862ec8)] -> link text: Log in]
2024-06-23 22:06:473 INFO  HomePage :33 - Clicking on login link : [[ChromeDriver: chrome on windows (80ff5face7e7abfab3e692e36416a964)] -> link text: Log in]
2024-06-23 22:06:643 INFO  HomePage :38 - Clicking on register link : [[ChromeDriver: chrome on windows (67d21851fd4c66ecf6a68fa7b52322e8)] -> link text: Register]
2024-06-23 22:06:133 INFO  HomePage :38 - Clicking on register link : [[ChromeDriver: chrome on windows (b15887f221c564e99f9922408c771a77)] -> link text: Register]
2024-06-23 22:06:287 INFO  HomePage :38 - Clicking on register link : [[ChromeDriver: chrome on windows (c55cb09b52a6529ddc74bcbe42b74285)] -> link text: Register]
2024-06-23 22:06:235 INFO  HomePage :38 - Clicking on register link : [[ChromeDriver: chrome on windows (595571fd91c140cd3ab9b9c1aa4fe6ea)] -> link text: Register]
2024-06-23 22:06:217 INFO  HomePage :38 - Clicking on register link : [[ChromeDriver: chrome on windows (6cb127cdf696026dce5808f0a005a631)] -> link text: Register]
2024-06-24 06:06:301 INFO  HomePage :33 - Clicking on login link : [[ChromeDriver: chrome on windows (68c0004b3355c580e5ac5b091bba101b)] -> link text: Log in]
2024-06-24 06:06:420 INFO  LoginPage :49 - Getting text from : [[ChromeDriver: chrome on windows (68c0004b3355c580e5ac5b091bba101b)] -> xpath: //h1[contains(text(),'Welcome, Please Sign In!')]]
2024-06-24 06:06:952 INFO  HomePage :33 - Clicking on login link : [[ChromeDriver: chrome on windows (546e53e3fbd2f091623e6483a1f0a0bf)] -> link text: Log in]
2024-06-24 06:06:266 INFO  HomePage :33 - Clicking on login link : [[ChromeDriver: chrome on windows (7125bb966ade5968b3a70958a98de663)] -> link text: Log in]
2024-06-24 06:06:625 INFO  HomePage :33 - Clicking on login link : [[ChromeDriver: chrome on windows (39144d8708b11482d637653344725cc3)] -> link text: Log in]
2024-06-24 06:06:561 INFO  HomePage :33 - Clicking on login link : [[ChromeDriver: chrome on windows (7345f31b3b5e644e1916ef97a087c9b9)] -> link text: Log in]
2024-06-24 06:06:675 INFO  HomePage :33 - Clicking on login link : [[ChromeDriver: chrome on windows (bb910c37ac341148ce8e86306ec10a86)] -> link text: Log in]
2024-06-24 06:06:421 INFO  HomePage :38 - Clicking on register link : [[ChromeDriver: chrome on windows (38c320b770b886dfc97eacc0b67b8812)] -> link text: Register]
2024-06-24 06:06:565 INFO  HomePage :38 - Clicking on register link : [[ChromeDriver: chrome on windows (721b0286553f54c26ecb571ea032ddbb)] -> link text: Register]
2024-06-24 06:06:34 INFO  HomePage :38 - Clicking on register link : [[ChromeDriver: chrome on windows (20ed7b61e489548d22a2deabdcf7ba98)] -> link text: Register]
2024-06-24 06:06:849 INFO  HomePage :38 - Clicking on register link : [[ChromeDriver: chrome on windows (697aa9c074eff7fe31688dff73bc8b9b)] -> link text: Register]
2024-06-24 06:06:16 INFO  HomePage :38 - Clicking on register link : [[ChromeDriver: chrome on windows (99209e35c82571015e82e253c7687ff8)] -> link text: Register]
2024-06-24 06:06:09 INFO  HomePage :38 - Clicking on register link : [[ChromeDriver: chrome on windows (763da7089dd0e12d5d0c085250f041d7)] -> link text: Register]
2024-06-24 07:06:189 INFO  HomePage :33 - Clicking on login link : [[ChromeDriver: chrome on windows (6f193cdff48a33ecdcad0a126470c026)] -> link text: Log in]
2024-06-24 07:06:276 INFO  LoginPage :49 - Getting text from : [[ChromeDriver: chrome on windows (6f193cdff48a33ecdcad0a126470c026)] -> xpath: //h1[contains(text(),'Welcome, Please Sign In!')]]
2024-06-24 07:06:526 INFO  HomePage :33 - Clicking on login link : [[ChromeDriver: chrome on windows (c72a3efd58d08b647bc43484d230a7fe)] -> link text: Log in]
2024-06-24 07:06:469 INFO  HomePage :33 - Clicking on login link : [[ChromeDriver: chrome on windows (8a519c79e180940dda3e9df708196607)] -> link text: Log in]
2024-06-24 07:06:202 INFO  HomePage :33 - Clicking on login link : [[ChromeDriver: chrome on windows (ce924a9399016e1be2c9c68a1e346bdc)] -> link text: Log in]
2024-06-24 07:06:544 INFO  HomePage :33 - Clicking on login link : [[ChromeDriver: chrome on windows (183d8b9c346794f670952fb6b79bc22e)] -> link text: Log in]
2024-06-24 07:06:759 INFO  HomePage :33 - Clicking on login link : [[ChromeDriver: chrome on windows (fae7a45dbf472385cab222b9c23faa69)] -> link text: Log in]
